{"/home/laboratoria/SAP003-md-links/libs/index.js": {"path":"/home/laboratoria/SAP003-md-links/libs/index.js","statementMap":{"0":{"start":{"line":1,"column":11},"end":{"line":1,"column":24}},"1":{"start":{"line":2,"column":16},"end":{"line":2,"column":18}},"2":{"start":{"line":4,"column":16},"end":{"line":24,"column":1}},"3":{"start":{"line":6,"column":4},"end":{"line":23,"column":6}},"4":{"start":{"line":7,"column":8},"end":{"line":22,"column":10}},"5":{"start":{"line":8,"column":12},"end":{"line":21,"column":13}},"6":{"start":{"line":9,"column":16},"end":{"line":9,"column":54}},"7":{"start":{"line":11,"column":36},"end":{"line":11,"column":83}},"8":{"start":{"line":12,"column":16},"end":{"line":19,"column":17}},"9":{"start":{"line":13,"column":20},"end":{"line":13,"column":58}},"10":{"start":{"line":15,"column":20},"end":{"line":18,"column":22}},"11":{"start":{"line":16,"column":40},"end":{"line":16,"column":79}},"12":{"start":{"line":17,"column":20},"end":{"line":17,"column":79}},"13":{"start":{"line":20,"column":16},"end":{"line":20,"column":33}},"14":{"start":{"line":26,"column":0},"end":{"line":26,"column":25}}},"fnMap":{"0":{"name":"(anonymous_0)","decl":{"start":{"line":4,"column":16},"end":{"line":4,"column":17}},"loc":{"start":{"line":4,"column":29},"end":{"line":24,"column":1}},"line":4},"1":{"name":"(anonymous_1)","decl":{"start":{"line":6,"column":25},"end":{"line":6,"column":26}},"loc":{"start":{"line":6,"column":46},"end":{"line":23,"column":5}},"line":6},"2":{"name":"(anonymous_2)","decl":{"start":{"line":7,"column":37},"end":{"line":7,"column":38}},"loc":{"start":{"line":7,"column":53},"end":{"line":22,"column":9}},"line":7},"3":{"name":"(anonymous_3)","decl":{"start":{"line":15,"column":40},"end":{"line":15,"column":41}},"loc":{"start":{"line":15,"column":48},"end":{"line":18,"column":21}},"line":15}},"branchMap":{"0":{"loc":{"start":{"line":8,"column":12},"end":{"line":21,"column":13}},"type":"if","locations":[{"start":{"line":8,"column":12},"end":{"line":21,"column":13}},{"start":{"line":8,"column":12},"end":{"line":21,"column":13}}],"line":8},"1":{"loc":{"start":{"line":12,"column":16},"end":{"line":19,"column":17}},"type":"if","locations":[{"start":{"line":12,"column":16},"end":{"line":19,"column":17}},{"start":{"line":12,"column":16},"end":{"line":19,"column":17}}],"line":12}},"s":{"0":1,"1":1,"2":1,"3":3,"4":3,"5":3,"6":1,"7":2,"8":2,"9":1,"10":1,"11":2,"12":2,"13":2,"14":1},"f":{"0":3,"1":3,"2":3,"3":2},"b":{"0":[1,2],"1":[1,1]},"_coverageSchema":"43e27e138ebf9cfc5966b082cf9a028302ed4184","hash":"62bc004bb3986616b84036ff48c435892ee75a25"}
}
