{"/home/laboratoria/SAP003-md-links/libs/index.js": {"path":"/home/laboratoria/SAP003-md-links/libs/index.js","statementMap":{"0":{"start":{"line":1,"column":11},"end":{"line":1,"column":24}},"1":{"start":{"line":2,"column":14},"end":{"line":2,"column":35}},"2":{"start":{"line":4,"column":16},"end":{"line":42,"column":1}},"3":{"start":{"line":6,"column":4},"end":{"line":41,"column":6}},"4":{"start":{"line":7,"column":8},"end":{"line":40,"column":10}},"5":{"start":{"line":8,"column":12},"end":{"line":39,"column":13}},"6":{"start":{"line":9,"column":16},"end":{"line":9,"column":54}},"7":{"start":{"line":11,"column":36},"end":{"line":11,"column":83}},"8":{"start":{"line":12,"column":16},"end":{"line":37,"column":17}},"9":{"start":{"line":13,"column":20},"end":{"line":13,"column":58}},"10":{"start":{"line":15,"column":37},"end":{"line":18,"column":22}},"11":{"start":{"line":16,"column":44},"end":{"line":16,"column":83}},"12":{"start":{"line":17,"column":24},"end":{"line":17,"column":77}},"13":{"start":{"line":20,"column":20},"end":{"line":36,"column":21}},"14":{"start":{"line":21,"column":40},"end":{"line":29,"column":26}},"15":{"start":{"line":22,"column":26},"end":{"line":28,"column":30}},"16":{"start":{"line":24,"column":32},"end":{"line":24,"column":64}},"17":{"start":{"line":27,"column":32},"end":{"line":27,"column":65}},"18":{"start":{"line":31,"column":24},"end":{"line":32,"column":55}},"19":{"start":{"line":32,"column":37},"end":{"line":32,"column":54}},"20":{"start":{"line":35,"column":24},"end":{"line":35,"column":41}},"21":{"start":{"line":44,"column":0},"end":{"line":44,"column":25}}},"fnMap":{"0":{"name":"(anonymous_0)","decl":{"start":{"line":4,"column":16},"end":{"line":4,"column":17}},"loc":{"start":{"line":4,"column":34},"end":{"line":42,"column":1}},"line":4},"1":{"name":"(anonymous_1)","decl":{"start":{"line":6,"column":25},"end":{"line":6,"column":26}},"loc":{"start":{"line":6,"column":46},"end":{"line":41,"column":5}},"line":6},"2":{"name":"(anonymous_2)","decl":{"start":{"line":7,"column":34},"end":{"line":7,"column":35}},"loc":{"start":{"line":7,"column":50},"end":{"line":40,"column":9}},"line":7},"3":{"name":"(anonymous_3)","decl":{"start":{"line":15,"column":53},"end":{"line":15,"column":54}},"loc":{"start":{"line":15,"column":61},"end":{"line":18,"column":21}},"line":15},"4":{"name":"(anonymous_4)","decl":{"start":{"line":21,"column":53},"end":{"line":21,"column":54}},"loc":{"start":{"line":21,"column":64},"end":{"line":29,"column":25}},"line":21},"5":{"name":"(anonymous_5)","decl":{"start":{"line":23,"column":34},"end":{"line":23,"column":35}},"loc":{"start":{"line":23,"column":46},"end":{"line":25,"column":29}},"line":23},"6":{"name":"(anonymous_6)","decl":{"start":{"line":26,"column":35},"end":{"line":26,"column":36}},"loc":{"start":{"line":26,"column":44},"end":{"line":28,"column":29}},"line":26},"7":{"name":"(anonymous_7)","decl":{"start":{"line":32,"column":30},"end":{"line":32,"column":31}},"loc":{"start":{"line":32,"column":37},"end":{"line":32,"column":54}},"line":32}},"branchMap":{"0":{"loc":{"start":{"line":8,"column":12},"end":{"line":39,"column":13}},"type":"if","locations":[{"start":{"line":8,"column":12},"end":{"line":39,"column":13}},{"start":{"line":8,"column":12},"end":{"line":39,"column":13}}],"line":8},"1":{"loc":{"start":{"line":12,"column":16},"end":{"line":37,"column":17}},"type":"if","locations":[{"start":{"line":12,"column":16},"end":{"line":37,"column":17}},{"start":{"line":12,"column":16},"end":{"line":37,"column":17}}],"line":12},"2":{"loc":{"start":{"line":20,"column":20},"end":{"line":36,"column":21}},"type":"if","locations":[{"start":{"line":20,"column":20},"end":{"line":36,"column":21}},{"start":{"line":20,"column":20},"end":{"line":36,"column":21}}],"line":20}},"s":{"0":1,"1":1,"2":1,"3":5,"4":5,"5":5,"6":1,"7":4,"8":4,"9":1,"10":3,"11":6,"12":6,"13":3,"14":2,"15":4,"16":3,"17":1,"18":2,"19":2,"20":1,"21":1},"f":{"0":5,"1":5,"2":5,"3":6,"4":4,"5":3,"6":1,"7":2},"b":{"0":[1,4],"1":[1,3],"2":[2,1]},"_coverageSchema":"43e27e138ebf9cfc5966b082cf9a028302ed4184","hash":"bcacb7ee17980b75326411699355f199f1ae2a0e"}
}
