TN:
SF:/home/laboratoria/SAP003-md-links/libs/index.js
FN:4,(anonymous_0)
FN:6,(anonymous_1)
FN:7,(anonymous_2)
FN:15,(anonymous_3)
FN:21,(anonymous_4)
FN:23,(anonymous_5)
FN:26,(anonymous_6)
FN:32,(anonymous_7)
FNF:8
FNH:8
FNDA:5,(anonymous_0)
FNDA:5,(anonymous_1)
FNDA:5,(anonymous_2)
FNDA:6,(anonymous_3)
FNDA:4,(anonymous_4)
FNDA:3,(anonymous_5)
FNDA:1,(anonymous_6)
FNDA:2,(anonymous_7)
DA:1,1
DA:2,1
DA:4,1
DA:6,5
DA:7,5
DA:8,5
DA:9,1
DA:11,4
DA:12,4
DA:13,1
DA:15,3
DA:16,6
DA:17,6
DA:20,3
DA:21,2
DA:22,4
DA:24,3
DA:27,1
DA:31,2
DA:32,2
DA:35,1
DA:44,1
LF:22
LH:22
BRDA:8,0,0,1
BRDA:8,0,1,4
BRDA:12,1,0,1
BRDA:12,1,1,3
BRDA:20,2,0,2
BRDA:20,2,1,1
BRF:6
BRH:6
end_of_record
